d:\piumax2\piumax-codeb\piumax 2.0\piu2\release\vc120.pdb
d:\piumax2\piumax-codeb\piumax 2.0\piu2\release\maxinterfaceunlocker.obj
d:\piumax2\piumax-codeb\piumax 2.0\piu2\release\maxinterfacestepeval.obj
d:\piumax2\piumax-codeb\piumax 2.0\piu2\release\maxinterfacestep.obj
d:\piumax2\piumax-codeb\piumax 2.0\piu2\release\maxinterfacegamesong.obj
d:\piumax2\piumax-codeb\piumax 2.0\piu2\release\maxinterfacegamemission3d.obj
d:\piumax2\piumax-codeb\piumax 2.0\piu2\release\maxinterfacegamemission.obj
d:\piumax2\piumax-codeb\piumax 2.0\piu2\release\maxinterfacegameis.obj
d:\piumax2\piumax-codeb\piumax 2.0\piu2\release\maxinterfacegame.obj
d:\piumax2\piumax-codeb\piumax 2.0\piu2\release\maxinterfaceconfig.obj
d:\piumax2\piumax-codeb\piumax 2.0\piu2\release\maxinterface.obj
d:\piumax2\piumax-codeb\piumax 2.0\piu2\release\maintheme.obj
d:\piumax2\piumax-codeb\piumax 2.0\piu2\release\libc_max_common.obj
d:\piumax2\piumax-codeb\piumax 2.0\piu2\release\graphtexture.obj
d:\piumax2\piumax-codeb\piumax 2.0\piu2\release\graphmain.obj
d:\piumax2\piumax-codeb\piumax 2.0\piu2\release\glfont2.obj
d:\piumax2\piumax-codeb\piumax 2.0\piu2\release\glfont.obj
d:\piumax2\piumax-codeb\piumax 2.0\piu2\release\eventdef.obj
d:\piumax2\piumax-codeb\piumax 2.0\piu2\release\cmnpiu.obj
d:\piumax2\piumax-codeb\piumax 2.0\piu2\release\basutil.obj
d:\piumax2\piumax-codeb\piumax 2.0\piu2\release\accreader.obj
d:\piumax2\piumax-codeb\piumax 2.0\piu2\release\soundres.obj
d:\piumax2\piumax-codeb\piumax 2.0\piu2\release\soundchannel.obj
d:\piumax2\piumax-codeb\piumax 2.0\piu2\release\portbuf.obj
d:\piumax2\piumax-codeb\piumax 2.0\piu2\release\playerstatus.obj
d:\piumax2\piumax-codeb\piumax 2.0\piu2\release\piu.obj
d:\piumax2\piumax-codeb\piumax 2.0\piu2\release\operstr.obj
d:\piumax2\piumax-codeb\piumax 2.0\piu2\release\oglsprite.obj
d:\piumax2\piumax-codeb\piumax 2.0\piu2\release\moviestream2.obj
d:\piumax2\piumax-codeb\piumax 2.0\piu2\release\maxscreen_3.obj
d:\piumax2\piumax-codeb\piumax 2.0\piu2\release\maxscreen_2.obj
d:\piumax2\piumax-codeb\piumax 2.0\piu2\release\maxscreen.obj
d:\piumax2\piumax-codeb\piumax 2.0\piu2\release\maxmenu.obj
d:\piumax2\piumax-codeb\piumax 2.0\piu2\release\maxluacommonmethods.obj
d:\piumax2\piumax-codeb\piumax 2.0\piu2\release\maxlua.obj
d:\piumax2\piumax-codeb\piumax 2.0\piu2\release\maxinterface_lua_init.obj
d:\piumax2\piumax-codeb\piumax 2.0\piu2\release\maxinterface_lua_event.obj
d:\piumax2\piumax-codeb\piumax 2.0\piu2\release\maxinterface_3.obj
d:\piumax2\piumax-codeb\piumax 2.0\piu2\release\maxinterface_2.obj
d:\piumax2\piumax-codeb\piumax 2.0\piu2\release\maxinterfacewelcome.obj
d:\piumax2\piumax-codeb\piumax 2.0\piu2\release\maxinterfaceusb.obj
d:\piumax2\piumax-codeb\piumax 2.0\piu2\release\videores.obj
d:\piumax2\piumax-codeb\piumax 2.0\piu2\release\stdinput.obj
d:\piumax2\piumax-codeb\piumax 2.0\piu2\release\stdafx.obj
d:\piumax2\piumax-codeb\piumax 2.0\piu2\release\spriteres.obj
d:\piumax2\piumax-codeb\piumax 2.0\piu2\release\soundsys.obj
d:\piumax2\piumax-codeb\piumax 2.0\piu2\release\soundstream.obj
d:\piumax2\piumax-codeb\piumax 2.0\piu2\piu2.exe
d:\piumax2\piumax-codeb\piumax 2.0\piu2\piu2.pdb
d:\piumax2\piumax-codeb\piumax 2.0\piu2\\piu2.pdb
d:\piumax2\piumax-codeb\piumax 2.0\piu2\\piu2.exe
d:\piumax2\piumax-codeb\piumax 2.0\piu2\release\piu2.tlog\cl.command.1.tlog
d:\piumax2\piumax-codeb\piumax 2.0\piu2\release\piu2.tlog\cl.read.1.tlog
d:\piumax2\piumax-codeb\piumax 2.0\piu2\release\piu2.tlog\cl.write.1.tlog
d:\piumax2\piumax-codeb\piumax 2.0\piu2\release\piu2.tlog\link.command.1.tlog
d:\piumax2\piumax-codeb\piumax 2.0\piu2\release\piu2.tlog\link.read.1.tlog
d:\piumax2\piumax-codeb\piumax 2.0\piu2\release\piu2.tlog\link.write.1.tlog
