d:\piumax2\piumax-linux\piumax\release\vc120.pdb
d:\piumax2\piumax-linux\piumax\release\moviestream.obj
d:\piumax2\piumax-linux\piumax\release\missionloader.obj
d:\piumax2\piumax-linux\piumax\release\libc_max_common.obj
d:\piumax2\piumax-linux\piumax\release\historyloader.obj
d:\piumax2\piumax-linux\piumax\release\history.obj
d:\piumax2\piumax-linux\piumax\release\glfont2.obj
d:\piumax2\piumax-linux\piumax\release\glfont.obj
d:\piumax2\piumax-linux\piumax\release\game5res.obj
d:\piumax2\piumax-linux\piumax\release\game5.obj
d:\piumax2\piumax-linux\piumax\release\game4res.obj
d:\piumax2\piumax-linux\piumax\release\game4.obj
d:\piumax2\piumax-linux\piumax\release\game3res.obj
d:\piumax2\piumax-linux\piumax\release\game3.obj
d:\piumax2\piumax-linux\piumax\release\game2res.obj
d:\piumax2\piumax-linux\piumax\release\game2.obj
d:\piumax2\piumax-linux\piumax\release\game1res.obj
d:\piumax2\piumax-linux\piumax\release\game1.obj
d:\piumax2\piumax-linux\piumax\release\config.obj
d:\piumax2\piumax-linux\piumax\release\cmnpiu.obj
d:\piumax2\piumax-linux\piumax\release\anu.obj
d:\piumax2\piumax-linux\piumax\release\welcomeres.obj
d:\piumax2\piumax-linux\piumax\release\welcome.obj
d:\piumax2\piumax-linux\piumax\release\usbsys.obj
d:\piumax2\piumax-linux\piumax\release\usbres.obj
d:\piumax2\piumax-linux\piumax\release\unlocksys.obj
d:\piumax2\piumax-linux\piumax\release\unlockres.obj
d:\piumax2\piumax-linux\piumax\release\unlockloader.obj
d:\piumax2\piumax-linux\piumax\release\stepsmu.obj
d:\piumax2\piumax-linux\piumax\release\stepevalres.obj
d:\piumax2\piumax-linux\piumax\release\stepeval.obj
d:\piumax2\piumax-linux\piumax\release\stdafx.obj
d:\piumax2\piumax-linux\piumax\release\skincommon.obj
d:\piumax2\piumax-linux\piumax\release\skinbs.obj
d:\piumax2\piumax-linux\piumax\release\skin.obj
d:\piumax2\piumax-linux\piumax\release\portbuf.obj
d:\piumax2\piumax-linux\piumax\release\piu.obj
d:\piumax2\piumax-linux\piumax\release\operstr.obj
d:\piumax2\piumax-linux\piumax\release\oglsprite.obj
d:\piumax2\piumax-linux\piumax\release\mwayloader.obj
d:\piumax2\piumax-linux\piumax\release\moviestream2.obj
d:\piumax2\piumax-linux\piumax\release\piumax.pdb
d:\piumax2\piumax-linux\piumax\release\piumax.tlog\cl.command.1.tlog
d:\piumax2\piumax-linux\piumax\release\piumax.tlog\cl.read.1.tlog
d:\piumax2\piumax-linux\piumax\release\piumax.tlog\cl.write.1.tlog
d:\piumax2\piumax-linux\piumax\release\piumax.tlog\link.command.1.tlog
d:\piumax2\piumax-linux\piumax\release\piumax.tlog\link.read.1.tlog
d:\piumax2\piumax-linux\piumax\release\piumax.tlog\link.write.1.tlog
