d:\piumax2\piumax-linux\piumax\debug\vc120.pdb
d:\piumax2\piumax-linux\piumax\debug\vc120.idb
d:\piumax2\piumax-linux\piumax\debug\moviestream2.obj
d:\piumax2\piumax-linux\piumax\debug\mwayloader.obj
d:\piumax2\piumax-linux\piumax\debug\oglsprite.obj
d:\piumax2\piumax-linux\piumax\debug\operstr.obj
d:\piumax2\piumax-linux\piumax\debug\piu.obj
d:\piumax2\piumax-linux\piumax\debug\portbuf.obj
d:\piumax2\piumax-linux\piumax\debug\skin.obj
d:\piumax2\piumax-linux\piumax\debug\skinbs.obj
d:\piumax2\piumax-linux\piumax\debug\skincommon.obj
d:\piumax2\piumax-linux\piumax\debug\stdafx.obj
d:\piumax2\piumax-linux\piumax\debug\stepeval.obj
d:\piumax2\piumax-linux\piumax\debug\stepevalres.obj
d:\piumax2\piumax-linux\piumax\debug\stepsmu.obj
d:\piumax2\piumax-linux\piumax\debug\unlockloader.obj
d:\piumax2\piumax-linux\piumax\debug\unlockres.obj
d:\piumax2\piumax-linux\piumax\debug\unlocksys.obj
d:\piumax2\piumax-linux\piumax\debug\usbres.obj
d:\piumax2\piumax-linux\piumax\debug\usbsys.obj
d:\piumax2\piumax-linux\piumax\debug\welcome.obj
d:\piumax2\piumax-linux\piumax\debug\welcomeres.obj
d:\piumax2\piumax-linux\piumax\debug\anu.obj
d:\piumax2\piumax-linux\piumax\debug\cmnpiu.obj
d:\piumax2\piumax-linux\piumax\debug\config.obj
d:\piumax2\piumax-linux\piumax\debug\game1.obj
d:\piumax2\piumax-linux\piumax\debug\game1res.obj
d:\piumax2\piumax-linux\piumax\debug\game2.obj
d:\piumax2\piumax-linux\piumax\debug\game2res.obj
d:\piumax2\piumax-linux\piumax\debug\game3.obj
d:\piumax2\piumax-linux\piumax\debug\game3res.obj
d:\piumax2\piumax-linux\piumax\debug\game4.obj
d:\piumax2\piumax-linux\piumax\debug\game4res.obj
d:\piumax2\piumax-linux\piumax\debug\game5.obj
d:\piumax2\piumax-linux\piumax\debug\game5res.obj
d:\piumax2\piumax-linux\piumax\debug\glfont.obj
d:\piumax2\piumax-linux\piumax\debug\glfont2.obj
d:\piumax2\piumax-linux\piumax\debug\history.obj
d:\piumax2\piumax-linux\piumax\debug\historyloader.obj
d:\piumax2\piumax-linux\piumax\debug\libc_max_common.obj
d:\piumax2\piumax-linux\piumax\debug\missionloader.obj
d:\piumax2\piumax-linux\piumax\debug\moviestream.obj
d:\piumax2\piumax-linux\piumax\debug\piumax.ilk
d:\piumax2\piumax-linux\piumax\debug\piumax.exe
d:\piumax2\piumax-linux\piumax\debug\piumax.pdb
d:\piumax2\piumax-linux\piumax\debug\piumax.tlog\cl.command.1.tlog
d:\piumax2\piumax-linux\piumax\debug\piumax.tlog\cl.read.1.tlog
d:\piumax2\piumax-linux\piumax\debug\piumax.tlog\cl.write.1.tlog
d:\piumax2\piumax-linux\piumax\debug\piumax.tlog\link.command.1.tlog
d:\piumax2\piumax-linux\piumax\debug\piumax.tlog\link.read.1.tlog
d:\piumax2\piumax-linux\piumax\debug\piumax.tlog\link.write.1.tlog
