d:\piumax2\maxedit\debug\vc120.pdb
d:\piumax2\maxedit\debug\vc120.idb
d:\piumax2\maxedit\debug\soundsys.obj
d:\piumax2\maxedit\debug\stdinput.obj
d:\piumax2\maxedit\debug\basutil.obj
d:\piumax2\maxedit\debug\setsizedlg.obj
d:\piumax2\maxedit\debug\msdfile.obj
d:\piumax2\maxedit\debug\stepoptionsdlg.obj
d:\piumax2\maxedit\debug\tickcountdlg.obj
d:\piumax2\maxedit\debug\typenotedlg.obj
d:\piumax2\maxedit\debug\cmnpiu.obj
d:\piumax2\maxedit\debug\libc_max_common.obj
d:\piumax2\maxedit\debug\main_document.obj
d:\piumax2\maxedit\debug\main_document_conv.obj
d:\piumax2\maxedit\debug\main_view.obj
d:\piumax2\maxedit\debug\main_window.obj
d:\piumax2\maxedit\debug\main_window2.obj
d:\piumax2\maxedit\debug\maxedit.obj
d:\piumax2\maxedit\debug\signals.obj
d:\piumax2\maxedit\debug\signalst.obj
d:\piumax2\maxedit\debug\signalstr.obj
d:\piumax2\maxedit\debug\stdafx.obj
d:\piumax2\maxedit\debug\maxsmconvchoose.obj
d:\piumax2\maxedit\debug\maxstepsmu.obj
d:\piumax2\maxedit\debug\maxstepsmubs.obj
d:\piumax2\maxedit\debug\maxstepsmubsdraw.obj
d:\piumax2\maxedit\debug\maxstepsmubsrekon.obj
d:\piumax2\maxedit\debug\maxstepsmudraw.obj
d:\piumax2\maxedit\debug\maxstepsmurekon.obj
d:\piumax2\maxedit\debug\glfont.obj
d:\piumax2\maxedit\debug\glfont2.obj
d:\piumax2\maxedit\debug\graphmain.obj
d:\piumax2\maxedit\debug\graphtexture.obj
d:\piumax2\maxedit\debug\maxlua.obj
d:\piumax2\maxedit\debug\moviestream2.obj
d:\piumax2\maxedit\debug\oglsprite.obj
d:\piumax2\maxedit\debug\skin.obj
d:\piumax2\maxedit\debug\skinbs.obj
d:\piumax2\maxedit\debug\skincommon.obj
d:\piumax2\maxedit\debug\soundchannel.obj
d:\piumax2\maxedit\debug\soundres.obj
d:\piumax2\maxedit\debug\soundstream.obj
d:\piumax2\maxedit\debug\beatsplitdlg.obj
d:\piumax2\maxedit\debug\changebpmdlg.obj
d:\piumax2\maxedit\debug\changeveldlg.obj
d:\piumax2\maxedit\debug\comandoptionsdlg.obj
d:\piumax2\maxedit\debug\incrstepdlg.obj
d:\piumax2\maxedit\debug\maxdataexchange.obj
d:\piumax2\maxedit\debug\maxdialog.obj
d:\piumax2\maxedit\maxeditwin.ilk
d:\piumax2\maxedit\maxeditwin.exe
d:\piumax2\maxedit\maxeditwin.pdb
d:\piumax2\maxedit\maxeditwin.lib
d:\piumax2\maxedit\maxeditwin.exp
d:\piumax2\maxedit\debug\maxeditwin.tlog\cl.command.1.tlog
d:\piumax2\maxedit\debug\maxeditwin.tlog\cl.read.1.tlog
d:\piumax2\maxedit\debug\maxeditwin.tlog\cl.write.1.tlog
d:\piumax2\maxedit\debug\maxeditwin.tlog\link.command.1.tlog
d:\piumax2\maxedit\debug\maxeditwin.tlog\link.read.1.tlog
d:\piumax2\maxedit\debug\maxeditwin.tlog\link.write.1.tlog
d:\piumax2\maxedit\debug\maxeditwin.tlog\maxeditwin.write.1u.tlog
