d:\piumax2\git\piumax2\piumax-codeb\piumax 2.0\piu2\debug\maxlua.obj
d:\piumax2\git\piumax2\piumax-codeb\piumax 2.0\piu2\debug\maxluacommonmethods.obj
d:\piumax2\git\piumax2\piumax-codeb\piumax 2.0\piu2\debug\maxmenu.obj
d:\piumax2\git\piumax2\piumax-codeb\piumax 2.0\piu2\debug\maxscreen.obj
d:\piumax2\git\piumax2\piumax-codeb\piumax 2.0\piu2\debug\maxscreen_2.obj
d:\piumax2\git\piumax2\piumax-codeb\piumax 2.0\piu2\debug\maxscreen_3.obj
d:\piumax2\git\piumax2\piumax-codeb\piumax 2.0\piu2\debug\moviestream2.obj
d:\piumax2\git\piumax2\piumax-codeb\piumax 2.0\piu2\debug\oglsprite.obj
d:\piumax2\git\piumax2\piumax-codeb\piumax 2.0\piu2\debug\operstr.obj
d:\piumax2\git\piumax2\piumax-codeb\piumax 2.0\piu2\debug\playerstatus.obj
d:\piumax2\git\piumax2\piumax-codeb\piumax 2.0\piu2\debug\graphmain.obj
d:\piumax2\git\piumax2\piumax-codeb\piumax 2.0\piu2\debug\graphtexture.obj
d:\piumax2\git\piumax2\piumax-codeb\piumax 2.0\piu2\debug\maintheme.obj
d:\piumax2\git\piumax2\piumax-codeb\piumax 2.0\piu2\debug\maxinterface.obj
d:\piumax2\git\piumax2\piumax-codeb\piumax 2.0\piu2\debug\maxinterfaceconfig.obj
d:\piumax2\git\piumax2\piumax-codeb\piumax 2.0\piu2\debug\maxinterfacegame.obj
d:\piumax2\git\piumax2\piumax-codeb\piumax 2.0\piu2\debug\maxinterfacegameis.obj
d:\piumax2\git\piumax2\piumax-codeb\piumax 2.0\piu2\debug\maxinterfacegamemission.obj
d:\piumax2\git\piumax2\piumax-codeb\piumax 2.0\piu2\debug\maxinterfacegamemission3d.obj
d:\piumax2\git\piumax2\piumax-codeb\piumax 2.0\piu2\debug\maxinterfacegamesong.obj
d:\piumax2\git\piumax2\piumax-codeb\piumax 2.0\piu2\debug\maxinterfacestep.obj
d:\piumax2\git\piumax2\piumax-codeb\piumax 2.0\piu2\debug\maxinterfacestepeval.obj
d:\piumax2\git\piumax2\piumax-codeb\piumax 2.0\piu2\debug\maxinterfaceunlocker.obj
d:\piumax2\git\piumax2\piumax-codeb\piumax 2.0\piu2\debug\maxinterfaceusb.obj
d:\piumax2\git\piumax2\piumax-codeb\piumax 2.0\piu2\debug\maxinterfacewelcome.obj
d:\piumax2\git\piumax2\piumax-codeb\piumax 2.0\piu2\debug\maxinterface_2.obj
d:\piumax2\git\piumax2\piumax-codeb\piumax 2.0\piu2\debug\maxinterface_3.obj
d:\piumax2\git\piumax2\piumax-codeb\piumax 2.0\piu2\debug\maxinterface_lua_event.obj
d:\piumax2\git\piumax2\piumax-codeb\piumax 2.0\piu2\debug\maxinterface_lua_init.obj
d:\piumax2\git\piumax2\piumax-codeb\piumax 2.0\piu2\debug\accreader.obj
d:\piumax2\git\piumax2\piumax-codeb\piumax 2.0\piu2\debug\glfont.obj
d:\piumax2\git\piumax2\piumax-codeb\piumax 2.0\piu2\debug\glfont2.obj
d:\piumax2\git\piumax2\piumax-codeb\piumax 2.0\piu2\debug\portbuf.obj
d:\piumax2\git\piumax2\piumax-codeb\piumax 2.0\piu2\debug\soundchannel.obj
d:\piumax2\git\piumax2\piumax-codeb\piumax 2.0\piu2\debug\soundres.obj
d:\piumax2\git\piumax2\piumax-codeb\piumax 2.0\piu2\debug\soundstream.obj
d:\piumax2\git\piumax2\piumax-codeb\piumax 2.0\piu2\debug\soundsys.obj
d:\piumax2\git\piumax2\piumax-codeb\piumax 2.0\piu2\debug\spriteres.obj
d:\piumax2\git\piumax2\piumax-codeb\piumax 2.0\piu2\debug\stdinput.obj
d:\piumax2\git\piumax2\piumax-codeb\piumax 2.0\piu2\debug\videores.obj
d:\piumax2\git\piumax2\piumax-codeb\piumax 2.0\piu2\debug\basutil.obj
d:\piumax2\git\piumax2\piumax-codeb\piumax 2.0\piu2\debug\cmnpiu.obj
d:\piumax2\git\piumax2\piumax-codeb\piumax 2.0\piu2\debug\eventdef.obj
d:\piumax2\git\piumax2\piumax-codeb\piumax 2.0\piu2\debug\libc_max_common.obj
d:\piumax2\git\piumax2\piumax-codeb\piumax 2.0\piu2\debug\piu.obj
d:\piumax2\git\piumax2\piumax-codeb\piumax 2.0\piu2\debug\stdafx.obj
d:\piumax2\git\piumax2\piumax-codeb\piumax 2.0\piu2\debug\vc110.pdb
d:\piumax2\git\piumax2\piumax-codeb\piumax 2.0\piu2\piu2.ilk
d:\piumax2\git\piumax2\piumax-codeb\piumax 2.0\piu2\piu2.exe
d:\piumax2\git\piumax2\piumax-codeb\piumax 2.0\piu2\piu2.pdb
d:\piumax2\git\piumax2\piumax-codeb\piumax 2.0\piu2\debug\vc120.pdb
d:\piumax2\piumax-codeb\piumax-2.0\piu2\debug\vc120.pdb
d:\piumax2\piumax-codeb\piumax-2.0\piu2\debug\vc120.idb
d:\piumax2\piumax-codeb\piumax-2.0\piu2\debug\maxlua.obj
d:\piumax2\piumax-codeb\piumax-2.0\piu2\debug\maxluacommonmethods.obj
d:\piumax2\piumax-codeb\piumax-2.0\piu2\debug\maxmenu.obj
d:\piumax2\piumax-codeb\piumax-2.0\piu2\debug\maxscreen.obj
d:\piumax2\piumax-codeb\piumax-2.0\piu2\debug\maxscreen_2.obj
d:\piumax2\piumax-codeb\piumax-2.0\piu2\debug\maxscreen_3.obj
d:\piumax2\piumax-codeb\piumax-2.0\piu2\debug\moviestream2.obj
d:\piumax2\piumax-codeb\piumax-2.0\piu2\debug\oglsprite.obj
d:\piumax2\piumax-codeb\piumax-2.0\piu2\debug\operstr.obj
d:\piumax2\piumax-codeb\piumax-2.0\piu2\debug\piu.obj
d:\piumax2\piumax-codeb\piumax-2.0\piu2\debug\playerstatus.obj
d:\piumax2\piumax-codeb\piumax-2.0\piu2\debug\portbuf.obj
d:\piumax2\piumax-codeb\piumax-2.0\piu2\debug\soundchannel.obj
d:\piumax2\piumax-codeb\piumax-2.0\piu2\debug\soundres.obj
d:\piumax2\piumax-codeb\piumax-2.0\piu2\debug\soundstream.obj
d:\piumax2\piumax-codeb\piumax-2.0\piu2\debug\soundsys.obj
d:\piumax2\piumax-codeb\piumax-2.0\piu2\debug\spriteres.obj
d:\piumax2\piumax-codeb\piumax-2.0\piu2\debug\stdafx.obj
d:\piumax2\piumax-codeb\piumax-2.0\piu2\debug\stdinput.obj
d:\piumax2\piumax-codeb\piumax-2.0\piu2\debug\videores.obj
d:\piumax2\piumax-codeb\piumax-2.0\piu2\debug\graphmain.obj
d:\piumax2\piumax-codeb\piumax-2.0\piu2\debug\graphtexture.obj
d:\piumax2\piumax-codeb\piumax-2.0\piu2\debug\libc_max_common.obj
d:\piumax2\piumax-codeb\piumax-2.0\piu2\debug\maintheme.obj
d:\piumax2\piumax-codeb\piumax-2.0\piu2\debug\maxinterface.obj
d:\piumax2\piumax-codeb\piumax-2.0\piu2\debug\maxinterfaceconfig.obj
d:\piumax2\piumax-codeb\piumax-2.0\piu2\debug\maxinterfacegame.obj
d:\piumax2\piumax-codeb\piumax-2.0\piu2\debug\maxinterfacegameis.obj
d:\piumax2\piumax-codeb\piumax-2.0\piu2\debug\maxinterfacegamemission.obj
d:\piumax2\piumax-codeb\piumax-2.0\piu2\debug\maxinterfacegamemission3d.obj
d:\piumax2\piumax-codeb\piumax-2.0\piu2\debug\maxinterfacegamesong.obj
d:\piumax2\piumax-codeb\piumax-2.0\piu2\debug\maxinterfacestep.obj
d:\piumax2\piumax-codeb\piumax-2.0\piu2\debug\maxinterfacestepeval.obj
d:\piumax2\piumax-codeb\piumax-2.0\piu2\debug\maxinterfaceunlocker.obj
d:\piumax2\piumax-codeb\piumax-2.0\piu2\debug\maxinterfaceusb.obj
d:\piumax2\piumax-codeb\piumax-2.0\piu2\debug\maxinterfacewelcome.obj
d:\piumax2\piumax-codeb\piumax-2.0\piu2\debug\maxinterface_2.obj
d:\piumax2\piumax-codeb\piumax-2.0\piu2\debug\maxinterface_3.obj
d:\piumax2\piumax-codeb\piumax-2.0\piu2\debug\maxinterface_lua_event.obj
d:\piumax2\piumax-codeb\piumax-2.0\piu2\debug\maxinterface_lua_init.obj
d:\piumax2\piumax-codeb\piumax-2.0\piu2\debug\accreader.obj
d:\piumax2\piumax-codeb\piumax-2.0\piu2\debug\cmnpiu.obj
d:\piumax2\piumax-codeb\piumax-2.0\piu2\debug\eventdef.obj
d:\piumax2\piumax-codeb\piumax-2.0\piu2\debug\glfont.obj
d:\piumax2\piumax-codeb\piumax-2.0\piu2\debug\glfont2.obj
d:\piumax2\piumax-codeb\piumax-2.0\piu2\debug\basutil.obj
d:\piumax2\piumax-codeb\piumax-2.0\piu2\piu2.ilk
d:\piumax2\piumax-codeb\piumax-2.0\piu2\piu2.exe
d:\piumax2\piumax-codeb\piumax-2.0\piu2\piu2.pdb
d:\piumax2\piumax-codeb\piumax-2.0\piu2\debug\cl.command.1.tlog
d:\piumax2\piumax-codeb\piumax-2.0\piu2\debug\cl.read.1.tlog
d:\piumax2\piumax-codeb\piumax-2.0\piu2\debug\cl.write.1.tlog
d:\piumax2\piumax-codeb\piumax-2.0\piu2\debug\link-cvtres.read.1.tlog
d:\piumax2\piumax-codeb\piumax-2.0\piu2\debug\link-cvtres.write.1.tlog
d:\piumax2\piumax-codeb\piumax-2.0\piu2\debug\link-rc.read.1.tlog
d:\piumax2\piumax-codeb\piumax-2.0\piu2\debug\link-rc.write.1.tlog
d:\piumax2\piumax-codeb\piumax-2.0\piu2\debug\link.command.1.tlog
d:\piumax2\piumax-codeb\piumax-2.0\piu2\debug\link.read.1.tlog
d:\piumax2\piumax-codeb\piumax-2.0\piu2\debug\link.write.1.tlog
d:\piumax2\piumax-codeb\piumax-2.0\piu2\\piu2.pdb
d:\piumax2\piumax-codeb\piumax-2.0\piu2\\piu2.exe
d:\piumax2\piumax-codeb\piumax-2.0\piu2\\piu2.ilk
d:\piumax2\piumax-codeb\piumax-2.0\piu2\debug\piu2.tlog\cl.command.1.tlog
d:\piumax2\piumax-codeb\piumax-2.0\piu2\debug\piu2.tlog\cl.read.1.tlog
d:\piumax2\piumax-codeb\piumax-2.0\piu2\debug\piu2.tlog\cl.write.1.tlog
d:\piumax2\piumax-codeb\piumax-2.0\piu2\debug\piu2.tlog\link.command.1.tlog
d:\piumax2\piumax-codeb\piumax-2.0\piu2\debug\piu2.tlog\link.read.1.tlog
d:\piumax2\piumax-codeb\piumax-2.0\piu2\debug\piu2.tlog\link.write.1.tlog
