Build started 6/04/2016 9:54:32 a. m..
     1>Project "D:\piumax2\PIUMaX-CODEB\PIUMaX-2.0\PIU2\PIU2.vcxproj" on node 2 (Build target(s)).
     1>Link:
         C:\Program Files (x86)\Microsoft Visual Studio 12.0\VC\bin\link.exe /ERRORREPORT:PROMPT /OUT:"D:\piumax2\PIUMaX-CODEB\PIUMaX-2.0\PIU2\\PIU2.exe" /INCREMENTAL /NOLOGO /LIBPATH:E:\PIUMaX\extlib zlib.lib libpng.lib Shell32.lib x86\sdl2.lib fmodex_vc.lib avcodec.lib avformat.lib swscale.lib avutil.lib OpenGL32.lib glu32.lib glew32.lib libiconv.lib libcharset.lib pcre.lib lua51.lib kernel32.lib user32.lib gdi32.lib winspool.lib comdlg32.lib advapi32.lib shell32.lib ole32.lib oleaut32.lib uuid.lib odbc32.lib odbccp32.lib /MANIFEST /MANIFESTUAC:"level='asInvoker' uiAccess='false'" /manifest:embed /DEBUG /PDB:"D:\piumax2\PIUMaX-CODEB\PIUMaX-2.0\PIU2\\PIU2.pdb" /SUBSYSTEM:CONSOLE,"5.01" /TLBID:1 /DYNAMICBASE /NXCOMPAT /IMPLIB:"D:\piumax2\PIUMaX-CODEB\PIUMaX-2.0\PIU2\\PIU2.lib" /MACHINE:X86 /SAFESEH:NO Debug\AccReader.obj
         Debug\basutil.obj
         Debug\cmnpiu.obj
         Debug\eventdef.obj
         Debug\GLFont.obj
         Debug\GLFont2.obj
         Debug\GraphMain.obj
         Debug\GraphTexture.obj
         Debug\libc_max_common.obj
         Debug\MainTheme.obj
         Debug\MaxInterface.obj
         Debug\MaxInterfaceConfig.obj
         Debug\MaxInterfaceGame.obj
         Debug\MaxInterfaceGameIS.obj
         Debug\MaxInterfaceGameMission.obj
         Debug\MaxInterfaceGameMission3D.obj
         Debug\MaxInterfaceGameSong.obj
         Debug\MaxInterfaceStep.obj
         Debug\MaxInterfaceStepEval.obj
         Debug\MaxInterfaceUnlocker.obj
         Debug\MaxInterfaceUSB.obj
         Debug\MaxInterfaceWelcome.obj
         Debug\MaxInterface_2.obj
         Debug\Maxinterface_3.obj
         Debug\MaxInterface_LUA_EVENT.obj
         Debug\MaxInterface_LUA_INIT.obj
         Debug\MaxLua.obj
         Debug\MaxLuaCommonMethods.obj
         Debug\MaxMenu.obj
         Debug\MaxScreen.obj
         Debug\MaxScreen_2.obj
         Debug\MaxScreen_3.obj
         Debug\MovieStream2.obj
         Debug\OGLSprite.obj
         Debug\OperStr.obj
         Debug\piu.obj
         Debug\PlayerStatus.obj
         Debug\PortBuf.obj
         Debug\SoundChannel.obj
         Debug\SoundRes.obj
         Debug\SoundStream.obj
         Debug\SoundSys.obj
         Debug\SpriteRes.obj
         Debug\stdafx.obj
         Debug\StdInput.obj
         Debug\VideoRes.obj
         PIU2.vcxproj -> D:\piumax2\PIUMaX-CODEB\PIUMaX-2.0\PIU2\\PIU2.exe
     1>Done Building Project "D:\piumax2\PIUMaX-CODEB\PIUMaX-2.0\PIU2\PIU2.vcxproj" (Build target(s)).

Build succeeded.

Time Elapsed 00:00:01.47
